\BOOKMARK [0][]{chapter*.10}{\376\377\000\332\000v\000o\000d}{}% 1
\BOOKMARK [1][]{section.0.1}{\376\377\000S\000c\000h\000o\000o\000l\000B\000o\000t}{chapter*.10}% 2
\BOOKMARK [1][]{section.0.2}{\376\377\000B\000l\000a\000c\000k\000B\000o\000x}{chapter*.10}% 3
\BOOKMARK [0][]{chapter.1}{\376\377\000P\000r\000o\001\015\000\040\000v\000y\000t\000v\000\341\001\131\000e\000t\000\040\000v\000l\000a\000s\000t\000n\000\355\000\040\000r\000o\000b\000o\000t\000y\000?}{}% 4
\BOOKMARK [1][]{section.1.1}{\376\377\000K\000o\000n\000k\000u\000r\000e\000n\000c\000e}{chapter.1}% 5
\BOOKMARK [2][]{subsection.1.1.1}{\376\377\000L\000E\000G\000O\000\040\000M\000i\000n\000d\000s\000t\000o\000r\000m\000s\000\040\000E\000V\0003}{section.1.1}% 6
\BOOKMARK [2][]{subsection.1.1.2}{\376\377\000M\000b\000o\000t}{section.1.1}% 7
\BOOKMARK [2][]{subsection.1.1.3}{\376\377\000E\000d\000i\000s\000o\000n}{section.1.1}% 8
\BOOKMARK [2][]{subsection.1.1.4}{\376\377\000O\000Z\000O\000B\000O\000T}{section.1.1}% 9
\BOOKMARK [2][]{subsection.1.1.5}{\376\377\000A\000s\000u\000r\000o}{section.1.1}% 10
\BOOKMARK [2][]{subsection.1.1.6}{\376\377\000M\000i\000c\000r\000o\000b\000i\000t}{section.1.1}% 11
\BOOKMARK [2][]{subsection.1.1.7}{\376\377\000S\000h\000r\000n\000u\000t\000\355}{section.1.1}% 12
\BOOKMARK [0][]{chapter.2}{\376\377\000J\000a\000k\000\040\000p\000s\000\341\000t}{}% 13
\BOOKMARK [1][]{section.2.1}{\376\377\000M\000u\000s\000\355\000m\000e\000\040\000m\000\355\000t\000\040\000c\000o\000\040\001\131\000\355\000c\000i}{chapter.2}% 14
\BOOKMARK [1][]{section.2.2}{\376\377\000M\000u\000s\000\355\000m\000e\000\040\000v\001\033\000d\001\033\000t\000,\000\040\000k\000o\000m\000u\000\040\000t\000o\000\040\000c\000h\000c\000e\000m\000e\000\040\001\131\000\355\000c\000i}{chapter.2}% 15
\BOOKMARK [1][]{section.2.3}{\376\377\000M\000u\000s\000\355\000m\000e\000\040\000s\000i\000\040\000d\000o\000k\000o\000n\000a\000l\000e\000\040\000p\000r\000o\000m\000y\000s\000l\000e\000t\000\040\000o\000b\000s\000a\000h}{chapter.2}% 16
\BOOKMARK [1][]{section.2.4}{\376\377\000M\000u\000s\000\355\000m\000e\000\040\000z\000a\001\015\000\355\000t\000\040\000p\000s\000\341\000t\000\040\000s\000t\000r\000u\000k\000t\000u\000r\000o\000v\000a\000n\001\033}{chapter.2}% 17
\BOOKMARK [0][]{chapter.3}{\376\377\000N\001\033\000k\000o\000l\000i\000k\000\040\000f\000o\000r\000m\000\341\000l\000n\000\355\000c\000h\000\040\000p\000r\000a\000v\000i\000d\000e\000l}{}% 18
\BOOKMARK [0][]{chapter.4}{\376\377\000N\000i\000k\000d\000y\000\040\000t\000o\000\040\000n\000e\000b\000u\000d\000e\000\040\000n\000a\000p\000r\000o\000s\000t\000o\000\040\000d\000o\000k\000o\000n\000a\000l\000\351}{}% 19
\BOOKMARK [0][]{chapter.5}{\376\377\000T\000y\000p\000o\000g\000r\000a\000f\000i\000c\000k\000\351\000\040\000a\000\040\000j\000a\000z\000y\000k\000o\000v\000\351\000\040\000z\000\341\000s\000a\000d\000y}{}% 20
\BOOKMARK [1][]{section.5.1}{\376\377\000C\000o\000\040\000j\000e\000\040\000t\000o\000\040\000n\000o\000r\000m\000o\000v\000a\000n\000\341\000\040\000s\000t\000r\000\341\000n\000k\000a\000?}{chapter.5}% 21
\BOOKMARK [0][]{chapter.6}{\376\377\000S\000l\000o\000v\000o\000\040\000R\000o\000m\000a\000n\000a}{}% 22
\BOOKMARK [1][]{section.6.1}{\376\377\000P\000l\000o\000v\000o\000u\000c\000\355\000\040\000o\000b\000j\000e\000k\000t\000y}{chapter.6}% 23
\BOOKMARK [1][]{section.6.2}{\376\377\000B\000i\000b\000l\000i\000o\000g\000r\000a\000f\000i\000e}{chapter.6}% 24
\BOOKMARK [2][]{subsection.6.2.1}{\376\377\000U\001\176\000i\000t\000e\001\015\000n\000\351\000\040\000o\000d\000k\000a\000z\000y}{section.6.2}% 25
\BOOKMARK [1][]{section.6.3}{\376\377\000S\000y\000m\000b\000o\000l\000y\000,\000\040\000z\000k\000r\000a\000t\000k\000y\000,\000\040\000s\000l\000o\000v\000n\000\355\001\015\000e\000k}{chapter.6}% 26
\BOOKMARK [1][]{section.6.4}{\376\377\000M\000o\000u\000d\000r\000a\000\040\000z\000\341\000v\001\033\000r\000e\000m}{chapter.6}% 27
\BOOKMARK [0][]{chapter.7}{\376\377\000S\000l\000o\000v\000o\000\040\000J\000a\000r\000k\000a}{}% 28
\BOOKMARK [1][]{section.7.1}{\376\377\000H\000l\000a\000v\000n\000\355\000\040\000v\000\375\000s\000t\000u\000p\000\040\000v\000a\001\141\000\355\000\040\000r\000o\001\015\000n\000\355\000\040\001\015\000i\000n\000n\000o\000s\000t\000i}{chapter.7}% 29
\BOOKMARK [1][]{section.7.2}{\376\377\000K\000d\000e\000\040\001\015\000e\000r\000p\000a\000t\000\040\000i\000n\000s\000p\000i\000r\000a\000c\000i}{chapter.7}% 30
\BOOKMARK [1][]{section.7.3}{\376\377\000P\000r\000e\000z\000e\000n\000t\000a\000c\000e}{chapter.7}% 31
\BOOKMARK [0][]{chapter.8}{\376\377\000J\000e\001\141\000t\001\033\000\040\000s\000l\000o\000v\000o\000\040\000L\000u\000c\000i\000e}{}% 32
\BOOKMARK [1][]{chapter*.16}{\376\377\000Z\000\341\000v\001\033\000r}{chapter.8}% 33
\BOOKMARK [1][]{chapter*.16}{\376\377\000L\000i\000t\000e\000r\000a\000t\000u\000r\000a}{chapter.8}% 34
\BOOKMARK [1][]{chapter*.17}{\376\377\000S\000e\000z\000n\000a\000m\000\040\000o\000b\000r\000\341\000z\000k\001\157}{chapter.8}% 35
\BOOKMARK [1][]{chapter*.18}{\376\377\000S\000e\000z\000n\000a\000m\000\040\000t\000a\000b\000u\000l\000e\000k}{chapter.8}% 36
\BOOKMARK [1][]{chapter*.19}{\376\377\000S\000e\000z\000n\000a\000m\000\040\000r\000o\000v\000n\000i\000c}{chapter.8}% 37
\BOOKMARK [1][]{section.8.1}{\376\377\000L\000o\000g\000i\000c\000k\000\341\000\040\001\131\000\355\000d\000\355\000c\000\355\000\040\001\015\000\341\000s\000t}{chapter.8}% 38
\BOOKMARK [2][]{subsection.8.1.1}{\376\377\000D\000E\000V\000K\000I\000T\000\040\000C\000:}{section.8.1}% 39
\BOOKMARK [2][]{subsection.8.1.2}{\376\377\000D\0002}{section.8.1}% 40
\BOOKMARK [2][]{subsection.8.1.3}{\376\377\000R\000N\0003\000A\000,\000\040\000B\000,\000\040\000C\000,\000\040\000D\000:}{section.8.1}% 41
\BOOKMARK [2][]{subsection.8.1.4}{\376\377\000R\000N\0002\000A\000,\000\040\000B\000,\000\040\000C\000,\000\040\000D\000:}{section.8.1}% 42
\BOOKMARK [2][]{subsection.8.1.5}{\376\377\000S\000W\0000\000,\000\040\0001\000,\000\040\0002\000,\000\040\0003\000:}{section.8.1}% 43
\BOOKMARK [2][]{subsection.8.1.6}{\376\377\000C\0003\000,\000\040\0004\000,\000\040\0005\000,\000\040\0008\000:}{section.8.1}% 44
\BOOKMARK [2][]{subsection.8.1.7}{\376\377\000J\000P\0004\000,\000\040\0009\000:}{section.8.1}% 45
\BOOKMARK [2][]{subsection.8.1.8}{\376\377\000L\000E\000D\0000\000,\000\040\0001\000,\000\040\0002\000:}{section.8.1}% 46
\BOOKMARK [2][]{subsection.8.1.9}{\376\377\000L\000e\000d\0003\000:}{section.8.1}% 47
\BOOKMARK [2][]{subsection.8.1.10}{\376\377\000J\000P\0006\000,\000\040\0001\0002\000:}{section.8.1}% 48
\BOOKMARK [2][]{subsection.8.1.11}{\376\377\000J\000P\0005\000:}{section.8.1}% 49
\BOOKMARK [2][]{subsection.8.1.12}{\376\377\000J\000P\0008\000,\000\040\0001\0001\000:}{section.8.1}% 50
\BOOKMARK [2][]{subsection.8.1.13}{\376\377\000L\000E\000V\000E\000L\000\040\000S\000H\000I\000F\000T\000E\000R\000:}{section.8.1}% 51
\BOOKMARK [2][]{subsection.8.1.14}{\376\377\000J\000P\0001\000,\000\040\0003\000,\000\040\0007\000:}{section.8.1}% 52
\BOOKMARK [2][]{subsection.8.1.15}{\376\377\000R\0005\000:}{section.8.1}% 53
\BOOKMARK [2][]{subsection.8.1.16}{\376\377\000J\000P\0002\000:}{section.8.1}% 54
\BOOKMARK [1][]{section.8.2}{\376\377\000S\000i\000l\000o\000v\000\341\000\040\000a\000\040\000n\000a\000p\000\341\000j\000e\000c\000\355\000\040\001\015\000\341\000s}{chapter.8}% 55
